<?xml version="1.0" encoding="UTF-8"?>
<!-- Generated by org.testng.reporters.JUnitReportReporter -->
<testsuite hostname="smriti-pc" name="com.learnautomationmaven.demomaven" tests="1" failures="0" timestamp="20 Apr 2017 12:52:07 GMT" time="0.049" errors="0">
  <testcase name="test" time="0.049" classname="com.learnautomationmaven.demomaven"/>
</testsuite> <!-- com.learnautomationmaven.demomaven -->
